{
  "RSpec": {
    "coverage": {
      "/Users/ben/Desktop/IT Portfolio/MAKERS/COURSE/Week02/notebook/spec/notebook_spec.rb": {
        "lines": [
          1,
          null,
          1,
          null,
          1,
          1,
          null,
          null,
          1,
          null,
          1,
          3,
          null,
          null,
          1,
          null,
          1,
          null,
          null,
          null,
          1,
          1,
          1,
          null,
          null,
          1,
          1,
          1,
          null,
          null,
          null,
          null,
          1,
          null,
          1,
          1,
          null,
          null,
          1,
          4,
          1,
          2,
          null,
          null,
          null,
          1,
          null,
          1,
          1,
          null,
          null,
          1,
          4,
          1,
          2,
          null,
          null,
          null,
          null
        ]
      },
      "/Users/ben/Desktop/IT Portfolio/MAKERS/COURSE/Week02/notebook/lib/notebook.rb": {
        "lines": [
          1,
          1,
          null,
          1,
          6,
          null,
          null,
          1,
          8,
          8,
          8,
          8,
          8,
          null,
          null,
          1,
          2,
          2,
          2,
          6,
          null,
          null,
          null,
          null
        ]
      }
    },
    "timestamp": 1601987370
  }
}
